# JRE version: OpenJDK Runtime Environment Temurin-21.0.9+10 (21.0.9+10) (build 21.0.9+10-LTS)
# Java VM: OpenJDK 64-Bit Server VM Temurin-21.0.9+10 (21.0.9+10-LTS, mixed mode, sharing, tiered, compressed oops, compressed class ptrs, parallel gc, windows-amd64)
GC Precious Log:
 CardTable entry size: 512
 CPUs: 12 total, 12 available
 Memory: 16052M
 Large Page Support: Disabled
 NUMA Support: Disabled
 Compressed Oops: Enabled (32-bit)
 Alignments: Space 512K, Generation 512K, Heap 2M
 Heap Min Capacity: 100M
 Heap Initial Capacity: 100M
 Heap Max Capacity: 2G
 Pre-touch: Disabled
 Parallel Workers: 10
Heap:
 PSYoungGen      total 6656K, used 3327K [0x00000000d5580000, 0x00000000d5c80000, 0x0000000100000000)
  eden space 5632K, 52% used [0x00000000d5580000,0x00000000d5867c18,0x00000000d5b00000)
  from space 1024K, 34% used [0x00000000d5b00000,0x00000000d5b58000,0x00000000d5c00000)
  to   space 512K, 0% used [0x00000000d5c00000,0x00000000d5c00000,0x00000000d5c80000)
 ParOldGen       total 1347584K, used 1346927K [0x0000000080000000, 0x00000000d2400000, 0x00000000d5580000)
  object space 1347584K, 99% used [0x0000000080000000,0x00000000d235bfa8,0x00000000d2400000)
 Metaspace       used 83630K, committed 85312K, reserved 1179648K
  class space    used 8246K, committed 9024K, reserved 1048576K
GC Heap History (20 events):
Event: 13253.182 GC heap before
{Heap before GC invocations=2571 (full 5):
 PSYoungGen      total 5632K, used 4253K [0x00000000d5580000, 0x00000000d5b80000, 0x0000000100000000)
  eden space 5120K, 77% used [0x00000000d5580000,0x00000000d595f418,0x00000000d5a80000)
  from space 512K, 56% used [0x00000000d5a80000,0x00000000d5ac8000,0x00000000d5b00000)
  to   space 512K, 0% used [0x00000000d5b00000,0x00000000d5b00000,0x00000000d5b80000)
 ParOldGen       total 1337856K, used 1337553K [0x0000000080000000, 0x00000000d1a80000, 0x00000000d5580000)
  object space 1337856K, 99% used [0x0000000080000000,0x00000000d1a345c8,0x00000000d1a80000)
 Metaspace       used 83567K, committed 85248K, reserved 1179648K
  class space    used 8246K, committed 9024K, reserved 1048576K
}
Event: 13253.184 GC heap after
{Heap after GC invocations=2571 (full 5):
 PSYoungGen      total 5120K, used 512K [0x00000000d5580000, 0x00000000d5d80000, 0x0000000100000000)
  eden space 4608K, 0% used [0x00000000d5580000,0x00000000d5580000,0x00000000d5a00000)
  from space 512K, 100% used [0x00000000d5b00000,0x00000000d5b80000,0x00000000d5b80000)
  to   space 1024K, 0% used [0x00000000d5a00000,0x00000000d5a00000,0x00000000d5b00000)
 ParOldGen       total 1337856K, used 1337777K [0x0000000080000000, 0x00000000d1a80000, 0x00000000d5580000)
  object space 1337856K, 99% used [0x0000000080000000,0x00000000d1a6c5c8,0x00000000d1a80000)
 Metaspace       used 83567K, committed 85248K, reserved 1179648K
  class space    used 8246K, committed 9024K, reserved 1048576K
}
Event: 13253.191 GC heap before
{Heap before GC invocations=2572 (full 5):
 PSYoungGen      total 5120K, used 5054K [0x00000000d5580000, 0x00000000d5d80000, 0x0000000100000000)
  eden space 4608K, 98% used [0x00000000d5580000,0x00000000d59efaf8,0x00000000d5a00000)
  from space 512K, 100% used [0x00000000d5b00000,0x00000000d5b80000,0x00000000d5b80000)
  to   space 1024K, 0% used [0x00000000d5a00000,0x00000000d5a00000,0x00000000d5b00000)
 ParOldGen       total 1337856K, used 1337777K [0x0000000080000000, 0x00000000d1a80000, 0x00000000d5580000)
  object space 1337856K, 99% used [0x0000000080000000,0x00000000d1a6c5c8,0x00000000d1a80000)
 Metaspace       used 83567K, committed 85248K, reserved 1179648K
  class space    used 8246K, committed 9024K, reserved 1048576K
}
Event: 13253.194 GC heap after
{Heap after GC invocations=2572 (full 5):
 PSYoungGen      total 5632K, used 674K [0x00000000d5580000, 0x00000000d5d00000, 0x0000000100000000)
  eden space 4608K, 0% used [0x00000000d5580000,0x00000000d5580000,0x00000000d5a00000)
  from space 1024K, 65% used [0x00000000d5a00000,0x00000000d5aa8bc8,0x00000000d5b00000)
  to   space 1024K, 0% used [0x00000000d5c00000,0x00000000d5c00000,0x00000000d5d00000)
 ParOldGen       total 1339904K, used 1339816K [0x0000000080000000, 0x00000000d1c80000, 0x00000000d5580000)
  object space 1339904K, 99% used [0x0000000080000000,0x00000000d1c6a3a0,0x00000000d1c80000)
 Metaspace       used 83567K, committed 85248K, reserved 1179648K
  class space    used 8246K, committed 9024K, reserved 1048576K
}
Event: 13253.202 GC heap before
{Heap before GC invocations=2573 (full 5):
 PSYoungGen      total 5632K, used 5086K [0x00000000d5580000, 0x00000000d5d00000, 0x0000000100000000)
  eden space 4608K, 95% used [0x00000000d5580000,0x00000000d59cef70,0x00000000d5a00000)
  from space 1024K, 65% used [0x00000000d5a00000,0x00000000d5aa8bc8,0x00000000d5b00000)
  to   space 1024K, 0% used [0x00000000d5c00000,0x00000000d5c00000,0x00000000d5d00000)
 ParOldGen       total 1339904K, used 1339816K [0x0000000080000000, 0x00000000d1c80000, 0x00000000d5580000)
  object space 1339904K, 99% used [0x0000000080000000,0x00000000d1c6a3a0,0x00000000d1c80000)
 Metaspace       used 83567K, committed 85248K, reserved 1179648K
  class space    used 8246K, committed 9024K, reserved 1048576K
}
Event: 13253.203 GC heap after
{Heap after GC invocations=2573 (full 5):
 PSYoungGen      total 6144K, used 256K [0x00000000d5580000, 0x00000000d5c80000, 0x0000000100000000)
  eden space 5632K, 0% used [0x00000000d5580000,0x00000000d5580000,0x00000000d5b00000)
  from space 512K, 50% used [0x00000000d5c00000,0x00000000d5c40000,0x00000000d5c80000)
  to   space 512K, 0% used [0x00000000d5b80000,0x00000000d5b80000,0x00000000d5c00000)
 ParOldGen       total 1339904K, used 1339889K [0x0000000080000000, 0x00000000d1c80000, 0x00000000d5580000)
  object space 1339904K, 99% used [0x0000000080000000,0x00000000d1c7c458,0x00000000d1c80000)
 Metaspace       used 83567K, committed 85248K, reserved 1179648K
  class space    used 8246K, committed 9024K, reserved 1048576K
}
Event: 13253.211 GC heap before
{Heap before GC invocations=2574 (full 5):
 PSYoungGen      total 6144K, used 5381K [0x00000000d5580000, 0x00000000d5c80000, 0x0000000100000000)
  eden space 5632K, 90% used [0x00000000d5580000,0x00000000d5a81408,0x00000000d5b00000)
  from space 512K, 50% used [0x00000000d5c00000,0x00000000d5c40000,0x00000000d5c80000)
  to   space 512K, 0% used [0x00000000d5b80000,0x00000000d5b80000,0x00000000d5c00000)
 ParOldGen       total 1339904K, used 1339889K [0x0000000080000000, 0x00000000d1c80000, 0x00000000d5580000)
  object space 1339904K, 99% used [0x0000000080000000,0x00000000d1c7c458,0x00000000d1c80000)
 Metaspace       used 83568K, committed 85248K, reserved 1179648K
  class space    used 8246K, committed 9024K, reserved 1048576K
}
Event: 13253.213 GC heap after
{Heap after GC invocations=2574 (full 5):
 PSYoungGen      total 6144K, used 376K [0x00000000d5580000, 0x00000000d5c80000, 0x0000000100000000)
  eden space 5632K, 0% used [0x00000000d5580000,0x00000000d5580000,0x00000000d5b00000)
  from space 512K, 73% used [0x00000000d5b80000,0x00000000d5bde310,0x00000000d5c00000)
  to   space 512K, 0% used [0x00000000d5c00000,0x00000000d5c00000,0x00000000d5c80000)
 ParOldGen       total 1339904K, used 1339889K [0x0000000080000000, 0x00000000d1c80000, 0x00000000d5580000)
  object space 1339904K, 99% used [0x0000000080000000,0x00000000d1c7c458,0x00000000d1c80000)
 Metaspace       used 83568K, committed 85248K, reserved 1179648K
  class space    used 8246K, committed 9024K, reserved 1048576K
}
Event: 13253.220 GC heap before
{Heap before GC invocations=2575 (full 5):
 PSYoungGen      total 6144K, used 5865K [0x00000000d5580000, 0x00000000d5c80000, 0x0000000100000000)
  eden space 5632K, 97% used [0x00000000d5580000,0x00000000d5adc110,0x00000000d5b00000)
  from space 512K, 73% used [0x00000000d5b80000,0x00000000d5bde310,0x00000000d5c00000)
  to   space 512K, 0% used [0x00000000d5c00000,0x00000000d5c00000,0x00000000d5c80000)
 ParOldGen       total 1339904K, used 1339889K [0x0000000080000000, 0x00000000d1c80000, 0x00000000d5580000)
  object space 1339904K, 99% used [0x0000000080000000,0x00000000d1c7c458,0x00000000d1c80000)
 Metaspace       used 83571K, committed 85248K, reserved 1179648K
  class space    used 8246K, committed 9024K, reserved 1048576K
}
Event: 13253.222 GC heap after
{Heap after GC invocations=2575 (full 5):
 PSYoungGen      total 6656K, used 160K [0x00000000d5580000, 0x00000000d5d80000, 0x0000000100000000)
  eden space 6144K, 0% used [0x00000000d5580000,0x00000000d5580000,0x00000000d5b80000)
  from space 512K, 31% used [0x00000000d5c00000,0x00000000d5c28000,0x00000000d5c80000)
  to   space 512K, 0% used [0x00000000d5b80000,0x00000000d5b80000,0x00000000d5c00000)
 ParOldGen       total 1344512K, used 1343016K [0x0000000080000000, 0x00000000d2100000, 0x00000000d5580000)
  object space 1344512K, 99% used [0x0000000080000000,0x00000000d1f8a318,0x00000000d2100000)
 Metaspace       used 83571K, committed 85248K, reserved 1179648K
  class space    used 8246K, committed 9024K, reserved 1048576K
}
Event: 13253.231 GC heap before
{Heap before GC invocations=2576 (full 5):
 PSYoungGen      total 6656K, used 6304K [0x00000000d5580000, 0x00000000d5d80000, 0x0000000100000000)
  eden space 6144K, 100% used [0x00000000d5580000,0x00000000d5b80000,0x00000000d5b80000)
  from space 512K, 31% used [0x00000000d5c00000,0x00000000d5c28000,0x00000000d5c80000)
  to   space 512K, 0% used [0x00000000d5b80000,0x00000000d5b80000,0x00000000d5c00000)
 ParOldGen       total 1344512K, used 1343016K [0x0000000080000000, 0x00000000d2100000, 0x00000000d5580000)
  object space 1344512K, 99% used [0x0000000080000000,0x00000000d1f8a318,0x00000000d2100000)
 Metaspace       used 83572K, committed 85248K, reserved 1179648K
  class space    used 8246K, committed 9024K, reserved 1048576K
}
Event: 13253.233 GC heap after
{Heap after GC invocations=2576 (full 5):
 PSYoungGen      total 6656K, used 433K [0x00000000d5580000, 0x00000000d5c80000, 0x0000000100000000)
  eden space 6144K, 0% used [0x00000000d5580000,0x00000000d5580000,0x00000000d5b80000)
  from space 512K, 84% used [0x00000000d5b80000,0x00000000d5bec608,0x00000000d5c00000)
  to   space 512K, 0% used [0x00000000d5c00000,0x00000000d5c00000,0x00000000d5c80000)
 ParOldGen       total 1344512K, used 1343032K [0x0000000080000000, 0x00000000d2100000, 0x00000000d5580000)
  object space 1344512K, 99% used [0x0000000080000000,0x00000000d1f8e318,0x00000000d2100000)
 Metaspace       used 83572K, committed 85248K, reserved 1179648K
  class space    used 8246K, committed 9024K, reserved 1048576K
}
Event: 13253.242 GC heap before
{Heap before GC invocations=2577 (full 5):
 PSYoungGen      total 6656K, used 6411K [0x00000000d5580000, 0x00000000d5c80000, 0x0000000100000000)
  eden space 6144K, 97% used [0x00000000d5580000,0x00000000d5b56620,0x00000000d5b80000)
  from space 512K, 84% used [0x00000000d5b80000,0x00000000d5bec608,0x00000000d5c00000)
  to   space 512K, 0% used [0x00000000d5c00000,0x00000000d5c00000,0x00000000d5c80000)
 ParOldGen       total 1344512K, used 1343032K [0x0000000080000000, 0x00000000d2100000, 0x00000000d5580000)
  object space 1344512K, 99% used [0x0000000080000000,0x00000000d1f8e318,0x00000000d2100000)
 Metaspace       used 83572K, committed 85248K, reserved 1179648K
  class space    used 8246K, committed 9024K, reserved 1048576K
}
Event: 13253.244 GC heap after
{Heap after GC invocations=2577 (full 5):
 PSYoungGen      total 6656K, used 320K [0x00000000d5580000, 0x00000000d5c80000, 0x0000000100000000)
  eden space 6144K, 0% used [0x00000000d5580000,0x00000000d5580000,0x00000000d5b80000)
  from space 512K, 62% used [0x00000000d5c00000,0x00000000d5c50000,0x00000000d5c80000)
  to   space 512K, 0% used [0x00000000d5b80000,0x00000000d5b80000,0x00000000d5c00000)
 ParOldGen       total 1347584K, used 1346129K [0x0000000080000000, 0x00000000d2400000, 0x00000000d5580000)
  object space 1347584K, 99% used [0x0000000080000000,0x00000000d22944d0,0x00000000d2400000)
 Metaspace       used 83572K, committed 85248K, reserved 1179648K
  class space    used 8246K, committed 9024K, reserved 1048576K
}
Event: 13257.550 GC heap before
{Heap before GC invocations=2578 (full 5):
 PSYoungGen      total 6656K, used 6464K [0x00000000d5580000, 0x00000000d5c80000, 0x0000000100000000)
  eden space 6144K, 100% used [0x00000000d5580000,0x00000000d5b80000,0x00000000d5b80000)
  from space 512K, 62% used [0x00000000d5c00000,0x00000000d5c50000,0x00000000d5c80000)
  to   space 512K, 0% used [0x00000000d5b80000,0x00000000d5b80000,0x00000000d5c00000)
 ParOldGen       total 1347584K, used 1346129K [0x0000000080000000, 0x00000000d2400000, 0x00000000d5580000)
  object space 1347584K, 99% used [0x0000000080000000,0x00000000d22944d0,0x00000000d2400000)
 Metaspace       used 83578K, committed 85248K, reserved 1179648K
  class space    used 8246K, committed 9024K, reserved 1048576K
}
Event: 13257.552 GC heap after
{Heap after GC invocations=2578 (full 5):
 PSYoungGen      total 6656K, used 329K [0x00000000d5580000, 0x00000000d5c80000, 0x0000000100000000)
  eden space 6144K, 0% used [0x00000000d5580000,0x00000000d5580000,0x00000000d5b80000)
  from space 512K, 64% used [0x00000000d5b80000,0x00000000d5bd27e8,0x00000000d5c00000)
  to   space 512K, 0% used [0x00000000d5c00000,0x00000000d5c00000,0x00000000d5c80000)
 ParOldGen       total 1347584K, used 1346138K [0x0000000080000000, 0x00000000d2400000, 0x00000000d5580000)
  object space 1347584K, 99% used [0x0000000080000000,0x00000000d22968e0,0x00000000d2400000)
 Metaspace       used 83578K, committed 85248K, reserved 1179648K
  class space    used 8246K, committed 9024K, reserved 1048576K
}
Event: 13257.897 GC heap before
{Heap before GC invocations=2579 (full 5):
 PSYoungGen      total 6656K, used 6473K [0x00000000d5580000, 0x00000000d5c80000, 0x0000000100000000)
  eden space 6144K, 100% used [0x00000000d5580000,0x00000000d5b80000,0x00000000d5b80000)
  from space 512K, 64% used [0x00000000d5b80000,0x00000000d5bd27e8,0x00000000d5c00000)
  to   space 512K, 0% used [0x00000000d5c00000,0x00000000d5c00000,0x00000000d5c80000)
 ParOldGen       total 1347584K, used 1346138K [0x0000000080000000, 0x00000000d2400000, 0x00000000d5580000)
  object space 1347584K, 99% used [0x0000000080000000,0x00000000d22968e0,0x00000000d2400000)
 Metaspace       used 83589K, committed 85248K, reserved 1179648K
  class space    used 8246K, committed 9024K, reserved 1048576K
}
Event: 13257.899 GC heap after
{Heap after GC invocations=2579 (full 5):
 PSYoungGen      total 6144K, used 512K [0x00000000d5580000, 0x00000000d5d80000, 0x0000000100000000)
  eden space 5632K, 0% used [0x00000000d5580000,0x00000000d5580000,0x00000000d5b00000)
  from space 512K, 100% used [0x00000000d5c00000,0x00000000d5c80000,0x00000000d5c80000)
  to   space 1024K, 0% used [0x00000000d5b00000,0x00000000d5b00000,0x00000000d5c00000)
 ParOldGen       total 1347584K, used 1346412K [0x0000000080000000, 0x00000000d2400000, 0x00000000d5580000)
  object space 1347584K, 99% used [0x0000000080000000,0x00000000d22db0d8,0x00000000d2400000)
 Metaspace       used 83589K, committed 85248K, reserved 1179648K
  class space    used 8246K, committed 9024K, reserved 1048576K
}
Event: 13258.543 GC heap before
{Heap before GC invocations=2580 (full 5):
 PSYoungGen      total 6144K, used 6144K [0x00000000d5580000, 0x00000000d5d80000, 0x0000000100000000)
  eden space 5632K, 100% used [0x00000000d5580000,0x00000000d5b00000,0x00000000d5b00000)
  from space 512K, 100% used [0x00000000d5c00000,0x00000000d5c80000,0x00000000d5c80000)
  to   space 1024K, 0% used [0x00000000d5b00000,0x00000000d5b00000,0x00000000d5c00000)
 ParOldGen       total 1347584K, used 1346412K [0x0000000080000000, 0x00000000d2400000, 0x00000000d5580000)
  object space 1347584K, 99% used [0x0000000080000000,0x00000000d22db0d8,0x00000000d2400000)
 Metaspace       used 83602K, committed 85248K, reserved 1179648K
  class space    used 8246K, committed 9024K, reserved 1048576K
}
Event: 13258.545 GC heap after
{Heap after GC invocations=2580 (full 5):
 PSYoungGen      total 6656K, used 352K [0x00000000d5580000, 0x00000000d5c80000, 0x0000000100000000)
  eden space 5632K, 0% used [0x00000000d5580000,0x00000000d5580000,0x00000000d5b00000)
  from space 1024K, 34% used [0x00000000d5b00000,0x00000000d5b58000,0x00000000d5c00000)
  to   space 512K, 0% used [0x00000000d5c00000,0x00000000d5c00000,0x00000000d5c80000)
 ParOldGen       total 1347584K, used 1346927K [0x0000000080000000, 0x00000000d2400000, 0x00000000d5580000)
  object space 1347584K, 99% used [0x0000000080000000,0x00000000d235bfa8,0x00000000d2400000)
 Metaspace       used 83602K, committed 85248K, reserved 1179648K
  class space    used 8246K, committed 9024K, reserved 1048576K
}

